mbg/CSipSimple/proguard/seeds.txt
com.actionbarsherlock.internal.nineoldandroids.animation.AnimatorSet$Builder
com.actionbarsherlock.internal.nineoldandroids.animation.AnimatorSet$Builder: com.actionbarsherlock.internal.nineoldandroids.animation.AnimatorSet$Node mCurrentNode
com.actionbarsherlock.internal.nineoldandroids.animation.AnimatorSet$Builder: com.actionbarsherlock.internal.nineoldandroids.animation.AnimatorSet this$0
com.actionbarsherlock.internal.nineoldandroids.animation.AnimatorSet$Builder: AnimatorSet$Builder(com.actionbarsherlock.internal.nineoldandroids.animation.AnimatorSet,com.actionbarsherlock.internal.nineoldandroids.animation.Animator)
com.actionbarsherlock.internal.nineoldandroids.animation.AnimatorSet$Builder: com.actionbarsherlock.internal.nineoldandroids.animation.AnimatorSet$Builder with(com.actionbarsherlock.internal.nineoldandroids.animation.Animator)
com.actionbarsherlock.internal.nineoldandroids.animation.AnimatorSet$Builder: com.actionbarsherlock.internal.nineoldandroids.animation.AnimatorSet$Builder before(com.actionbarsherlock.internal.nineoldandroids.animation.Animator)
com.actionbarsherlock.internal.nineoldandroids.animation.AnimatorSet$Builder: com.actionbarsherlock.internal.nineoldandroids.animation.AnimatorSet$Builder after(com.actionbarsherlock.internal.nineoldandroids.animation.Animator)
com.actionbarsherlock.internal.nineoldandroids.animation.AnimatorSet$Builder: com.actionbarsherlock.internal.nineoldandroids.animation.AnimatorSet$Builder after(long)
com.actionbarsherlock.internal.nineoldandroids.animation.AnimatorSet$Dependency
com.actionbarsherlock.internal.nineoldandroids.animation.AnimatorSet$Dependency: int WITH
com.actionbarsherlock.internal.nineoldandroids.animation.AnimatorSet$Dependency: int AFTER
com.actionbarsherlock.internal.nineoldandroids.animation.AnimatorSet$Dependency: com.actionbarsherlock.internal.nineoldandroids.animation.AnimatorSet$Node node
com.actionbarsherlock.internal.nineoldandroids.animation.AnimatorSet$Dependency: int rule
com.actionbarsherlock.internal.nineoldandroids.animation.AnimatorSet$Dependency: AnimatorSet$Dependency(com.actionbarsherlock.internal.nineoldandroids.animation.AnimatorSet$Node,int)
com.actionbarsherlock.internal.nineoldandroids.animation.AnimatorSet$DependencyListener
com.actionbarsherlock.internal.nineoldandroids.animation.AnimatorSet$DependencyListener: com.actionbarsherlock.internal.nineoldandroids.animation.AnimatorSet mAnimatorSet
com.actionbarsherlock.internal.nineoldandroids.animation.AnimatorSet$DependencyListener: com.actionbarsherlock.internal.nineoldandroids.animation.AnimatorSet$Node mNode
com.actionbarsherlock.internal.nineoldandroids.animation.AnimatorSet$DependencyListener: int mRule
com.actionbarsherlock.internal.nineoldandroids.animation.AnimatorSet$DependencyListener: AnimatorSet$DependencyListener(com.actionbarsherlock.internal.nineoldandroids.animation.AnimatorSet,com.actionbarsherlock.internal.nineoldandroids.animation.AnimatorSet$Node,int)
com.actionbarsherlock.internal.nineoldandroids.animation.AnimatorSet$DependencyListener: void onAnimationCancel(com.actionbarsherlock.internal.nineoldandroids.animation.Animator)
com.actionbarsherlock.internal.nineoldandroids.animation.AnimatorSet$DependencyListener: void onAnimationEnd(com.actionbarsherlock.internal.nineoldandroids.animation.Animator)
com.actionbarsherlock.internal.nineoldandroids.animation.AnimatorSet$DependencyListener: void onAnimationRepeat(com.actionbarsherlock.internal.nineoldandroids.animation.Animator)