mbg/CSipSimple/proguard/mapping.txt
android.support.v4.app.ListFragment -> android.support.v4.app.ListFragment:
    int INTERNAL_EMPTY_ID -> INTERNAL_EMPTY_ID
    int INTERNAL_PROGRESS_CONTAINER_ID -> INTERNAL_PROGRESS_CONTAINER_ID
    int INTERNAL_LIST_CONTAINER_ID -> INTERNAL_LIST_CONTAINER_ID
    android.os.Handler mHandler -> mHandler
    java.lang.Runnable mRequestFocus -> mRequestFocus
    android.widget.AdapterView$OnItemClickListener mOnClickListener -> mOnClickListener
    android.widget.ListAdapter mAdapter -> mAdapter
    android.widget.ListView mList -> mList
    android.view.View mEmptyView -> mEmptyView
    android.widget.TextView mStandardEmptyView -> mStandardEmptyView
    android.view.View mProgressContainer -> mProgressContainer
    android.view.View mListContainer -> mListContainer
    java.lang.CharSequence mEmptyText -> mEmptyText
    boolean mListShown -> mListShown
    android.view.View onCreateView(android.view.LayoutInflater,android.view.ViewGroup,android.os.Bundle) -> onCreateView
    void onViewCreated(android.view.View,android.os.Bundle) -> onViewCreated
    void onDestroyView() -> onDestroyView
    void onListItemClick(android.widget.ListView,android.view.View,int,long) -> onListItemClick
    void setListAdapter(android.widget.ListAdapter) -> setListAdapter
    void setSelection(int) -> setSelection
    int getSelectedItemPosition() -> getSelectedItemPosition
    long getSelectedItemId() -> getSelectedItemId
android.support.v4.app.ListFragment$1 -> android.support.v4.app.ListFragment$1:
    android.support.v4.app.ListFragment this$0 -> this$0
    void run() -> run
android.support.v4.app.ListFragment$2 -> android.support.v4.app.ListFragment$2:
    android.support.v4.app.ListFragment this$0 -> this$0
    void onItemClick(android.widget.AdapterView,android.view.View,int,long) -> onItemClick
android.support.v4.app.LoaderManager -> android.support.v4.app.LoaderManager:
    android.support.v4.content.Loader initLoader(int,android.os.Bundle,android.support.v4.app.LoaderManager$LoaderCallbacks) -> initLoader
    android.support.v4.content.Loader restartLoader(int,android.os.Bundle,android.support.v4.app.LoaderManager$LoaderCallbacks) -> restartLoader
    void destroyLoader(int) -> destroyLoader
    android.support.v4.content.Loader getLoader(int) -> getLoader
    void dump(java.lang.String,java.io.FileDescriptor,java.io.PrintWriter,java.lang.String[]) -> dump
    void enableDebugLogging(boolean) -> enableDebugLogging
    boolean hasRunningLoaders() -> hasRunningLoaders
android.support.v4.app.LoaderManager$LoaderCallbacks -> android.support.v4.app.LoaderManager$LoaderCallbacks:
    android.support.v4.content.Loader onCreateLoader(int,android.os.Bundle) -> onCreateLoader
    void onLoadFinished(android.support.v4.content.Loader,java.lang.Object) -> onLoadFinished
    void onLoaderReset(android.support.v4.content.Loader) -> onLoaderReset