mbg/CSipSimple/proguard/usage.txt
com.google.gson.JsonDeserializationContext:
    public abstract java.lang.Object deserialize(com.google.gson.JsonElement,java.lang.reflect.Type)
com.google.gson.JsonElement:
    abstract com.google.gson.JsonElement deepCopy()
    136:139:public com.google.gson.JsonNull getAsJsonNull()
    217:217:public float getAsFloat()
    257:257:public byte getAsByte()
    271:271:public char getAsCharacter()
    285:285:public java.math.BigDecimal getAsBigDecimal()
    299:299:public java.math.BigInteger getAsBigInteger()
    312:312:public short getAsShort()
com.google.gson.JsonIOException:
    private static final long serialVersionUID
    33:34:public JsonIOException(java.lang.String,java.lang.Throwable)
com.google.gson.JsonNull:
    45:45:com.google.gson.JsonNull deepCopy()
    26:26:bridge synthetic com.google.gson.JsonElement deepCopy()
com.google.gson.JsonObject:
    38:42:com.google.gson.JsonObject deepCopy()
    68:68:public com.google.gson.JsonElement remove(java.lang.String)
    79:80:public void addProperty(java.lang.String,java.lang.String)
    90:91:public void addProperty(java.lang.String,java.lang.Number)
    101:102:public void addProperty(java.lang.String,java.lang.Boolean)
    112:113:public void addProperty(java.lang.String,java.lang.Character)
    122:122:private com.google.gson.JsonElement createJsonElement(java.lang.Object)
    142:142:public boolean has(java.lang.String)
    162:162:public com.google.gson.JsonPrimitive getAsJsonPrimitive(java.lang.String)
    172:172:public com.google.gson.JsonArray getAsJsonArray(java.lang.String)
    182:182:public com.google.gson.JsonObject getAsJsonObject(java.lang.String)
    32:32:bridge synthetic com.google.gson.JsonElement deepCopy()
com.google.gson.JsonParseException:
    static final long serialVersionUID
com.google.gson.JsonParser
com.google.gson.JsonPrimitive:
    74:76:public JsonPrimitive(java.lang.Character)
    84:86:JsonPrimitive(java.lang.Object)
    90:90:com.google.gson.JsonPrimitive deepCopy()
    204:204:public java.math.BigDecimal getAsBigDecimal()
    215:215:public java.math.BigInteger getAsBigInteger()
    227:227:public float getAsFloat()
    249:249:public short getAsShort()
    265:265:public byte getAsByte()
    270:270:public char getAsCharacter()
    33:33:bridge synthetic com.google.gson.JsonElement deepCopy()
com.google.gson.JsonSerializationContext:
    public abstract com.google.gson.JsonElement serialize(java.lang.Object)
    public abstract com.google.gson.JsonElement serialize(java.lang.Object,java.lang.reflect.Type)
com.google.gson.JsonStreamParser
com.google.gson.JsonSyntaxException:
    private static final long serialVersionUID
com.google.gson.LongSerializationPolicy:
    public abstract com.google.gson.JsonElement serialize(java.lang.Long)
com.google.gson.LongSerializationPolicy$1:
    36:36:public com.google.gson.JsonElement serialize(java.lang.Long)
com.google.gson.LongSerializationPolicy$2:
    47:47:public com.google.gson.JsonElement serialize(java.lang.Long)
com.google.gson.TreeTypeAdapter:
    105:105:public static com.google.gson.TypeAdapterFactory newTypeHierarchyFactory(java.lang.Class,java.lang.Object)
com.google.gson.TypeAdapter:
    141:143:public final void toJson(java.io.Writer,java.lang.Object)
    186:186:public final com.google.gson.TypeAdapter nullSafe()
    215:217:public final java.lang.String toJson(java.lang.Object)
    255:256:public final java.lang.Object fromJson(java.io.Reader)
    269:269:public final java.lang.Object fromJson(java.lang.String)
    280:283:public final java.lang.Object fromJsonTree(com.google.gson.JsonElement)
com.google.gson.TypeAdapter$1
com.google.gson.internal.$Gson$Preconditions:
    32:32:public $Gson$Preconditions()
com.google.gson.internal.$Gson$Types:
    45:45:private $Gson$Types()
com.google.gson.internal.$Gson$Types$GenericArrayTypeImpl:
    private static final long serialVersionUID